<?xml version="1.0" encoding="UTF-8"?>
<Site BuildName="(empty)"
	BuildStamp="20220204-1315-Experimental"
	Name="(empty)"
	Generator="ctest-3.16.3"
	CompilerName=""
	CompilerVersion=""
	OSName="Linux"
	Hostname="Fatema-Moharam"
	OSRelease="5.10.16.3-microsoft-standard-WSL2"
	OSVersion="#1 SMP Fri Apr 2 22:23:49 UTC 2021"
	OSPlatform="x86_64"
	Is64Bits="1"
	VendorString="GenuineIntel"
	VendorID="Intel Corporation"
	FamilyID="6"
	ModelID="142"
	ProcessorCacheSize="3072"
	NumberOfLogicalCPU="4"
	NumberOfPhysicalCPU="2"
	TotalVirtualMemory="2048"
	TotalPhysicalMemory="6237"
	LogicalProcessorsPerPhysical="2"
	ProcessorClockFrequency="2712"
	>
	<Testing>
		<StartDateTime>Feb 04 15:20 EET</StartDateTime>
		<StartTestTime>1643980804</StartTestTime>
		<TestList>
			<Test>./first_bad_version.correctness</Test>
			<Test>./binary_search.correctnes</Test>
		</TestList>
		<Test Status="failed">
			<Name>first_bad_version.correctness</Name>
			<Path>.</Path>
			<FullName>./first_bad_version.correctness</FullName>
			<FullCommandLine>/home/moharamfatema/algorithms-problem-solving/bin-search/build/runTests "--gtest_filter=first_bad_version.correctness" "--gtest_also_run_disabled_tests"</FullCommandLine>
			<Results>
				<NamedMeasurement type="text/string" name="Exit Code">
					<Value>Failed</Value>
				</NamedMeasurement>
				<NamedMeasurement type="text/string" name="Exit Value">
					<Value>1</Value>
				</NamedMeasurement>
				<NamedMeasurement type="numeric/double" name="Execution Time">
					<Value>0.0031541</Value>
				</NamedMeasurement>
				<NamedMeasurement type="numeric/double" name="Processors">
					<Value>1</Value>
				</NamedMeasurement>
				<NamedMeasurement type="text/string" name="Completion Status">
					<Value>Completed</Value>
				</NamedMeasurement>
				<NamedMeasurement type="text/string" name="Command Line">
					<Value>/home/moharamfatema/algorithms-problem-solving/bin-search/build/runTests "--gtest_filter=first_bad_version.correctness" "--gtest_also_run_disabled_tests"</Value>
				</NamedMeasurement>
				<Measurement>
					<Value encoding="base64" compression="gzip">eJydUstOwzAQvPsr9thKJKEcOETqoYiCkBBCbYFDVVVOskks2d5gbwr8PU5SoRaEeOxp7R2PZ8ZetNYqW4GRyo7GUDoykNRkMDFUSydNKRmNTKSuyCmujY8aR5lGE3nSu3A0yZSNPEqX10nWKl0k2wIbn1RElUZGz5F3+cEy6Zddt+1ujfNc3BFjCtc9BFZhAqXSjA6moXEBmMliu0PnFQU8OYc5W/RerKcftYHF3ssEuKfovOx73yrGWKyjj9rAtaZM6mGOdqccWYM2YJGjtvkEPuT8IkmsYfFwB31tflD8/3C7XOK8adKz8xSupNKtQzF/bQIzFoDPrdSK34BK4Bo9wk7qFn0qAAJZ3Ku6kMXjoGnE0lXIY9FpfqpVXoPyKUSTsLGX+2k0CS7hanZzO7/80SWMTsH48R8iHE4AE0s9Fr97KA65RAW92ONv8N3zg5M2Pr4nOLqfLZeDo9Me6+NjnwPDCWjlu5gz1PSS/iEKIQLFHruaL1fiHYlCJuY=</Value>
				</Measurement>
			</Results>
		</Test>
		<Test Status="passed">
			<Name>binary_search.correctnes</Name>
			<Path>.</Path>
			<FullName>./binary_search.correctnes</FullName>
			<FullCommandLine>/home/moharamfatema/algorithms-problem-solving/bin-search/build/runTests "--gtest_filter=binary_search.correctnes" "--gtest_also_run_disabled_tests"</FullCommandLine>
			<Results>
				<NamedMeasurement type="numeric/double" name="Execution Time">
					<Value>0.0027886</Value>
				</NamedMeasurement>
				<NamedMeasurement type="numeric/double" name="Processors">
					<Value>1</Value>
				</NamedMeasurement>
				<NamedMeasurement type="text/string" name="Completion Status">
					<Value>Completed</Value>
				</NamedMeasurement>
				<NamedMeasurement type="text/string" name="Command Line">
					<Value>/home/moharamfatema/algorithms-problem-solving/bin-search/build/runTests "--gtest_filter=binary_search.correctnes" "--gtest_also_run_disabled_tests"</Value>
				</NamedMeasurement>
				<Measurement>
					<Value encoding="base64" compression="gzip">eJyNkMFqwzAMhu95Ch2bg+PtOuhhsNHDoBvpdgohOKmSGGwr2ErH3n5OUkozWKlOEvqkX7/y0TntOrBKu00KrScLsieL0lKvvLKtYrRKKtOR19zbIAZPtUErAplTHJW1diKg8k0v61Gbo6yOOATZEXUGGQOL4JurUs7llFWTatY0yZ4Yn2A3I/AZO9Bqw+hhC3G78j/VIpA15D027DAkxfYSJeRnG4/A8/Rk45yHUTNmSSEuUcLOUK3M0kd30p6cRRdZZDEOf+DrnatrkgLyrz3MUd44dCHg/e0GBZsHsCG9U3mhgYmVSZP7vHGcFEf6duvP/fcx8Mpla51o5OP5cHh9mewubJb8Aimnvtw=</Value>
				</Measurement>
			</Results>
		</Test>
		<EndDateTime>Feb 04 15:20 EET</EndDateTime>
		<EndTestTime>1643980804</EndTestTime>
		<ElapsedMinutes>0</ElapsedMinutes>
	</Testing>
</Site>
