<?xml version="1.0" encoding="UTF-8"?>
<Site BuildName="(empty)"
	BuildStamp="20220204-1452-Experimental"
	Name="(empty)"
	Generator="ctest-3.16.3"
	CompilerName=""
	CompilerVersion=""
	OSName="Linux"
	Hostname="Fatema-Moharam"
	OSRelease="5.10.16.3-microsoft-standard-WSL2"
	OSVersion="#1 SMP Fri Apr 2 22:23:49 UTC 2021"
	OSPlatform="x86_64"
	Is64Bits="1"
	VendorString="GenuineIntel"
	VendorID="Intel Corporation"
	FamilyID="6"
	ModelID="142"
	ProcessorCacheSize="3072"
	NumberOfLogicalCPU="4"
	NumberOfPhysicalCPU="2"
	TotalVirtualMemory="2048"
	TotalPhysicalMemory="6237"
	LogicalProcessorsPerPhysical="2"
	ProcessorClockFrequency="2712"
	>
	<Testing>
		<StartDateTime>Feb 04 16:53 EET</StartDateTime>
		<StartTestTime>1643986404</StartTestTime>
		<TestList>
			<Test>./squares_of_a_sorted_array.correctnes</Test>
		</TestList>
		<Test Status="failed">
			<Name>squares_of_a_sorted_array.correctnes</Name>
			<Path>.</Path>
			<FullName>./squares_of_a_sorted_array.correctnes</FullName>
			<FullCommandLine>/home/moharamfatema/algorithms-problem-solving/squares-of-a-sorted-array/build/runTests "--gtest_filter=squares_of_a_sorted_array.correctnes" "--gtest_also_run_disabled_tests"</FullCommandLine>
			<Results>
				<NamedMeasurement type="text/string" name="Exit Code">
					<Value>Failed</Value>
				</NamedMeasurement>
				<NamedMeasurement type="text/string" name="Exit Value">
					<Value>1</Value>
				</NamedMeasurement>
				<NamedMeasurement type="numeric/double" name="Execution Time">
					<Value>0.0027489</Value>
				</NamedMeasurement>
				<NamedMeasurement type="numeric/double" name="Processors">
					<Value>1</Value>
				</NamedMeasurement>
				<NamedMeasurement type="text/string" name="Completion Status">
					<Value>Completed</Value>
				</NamedMeasurement>
				<NamedMeasurement type="text/string" name="Command Line">
					<Value>/home/moharamfatema/algorithms-problem-solving/squares-of-a-sorted-array/build/runTests "--gtest_filter=squares_of_a_sorted_array.correctnes" "--gtest_also_run_disabled_tests"</Value>
				</NamedMeasurement>
				<Measurement>
					<Value encoding="base64" compression="gzip">eJzdU8Fq4zAQvesr5phAZCdLWaihh0LTsrCUkqT0EIJR7HEskDReSU5blv57JduEpGwhhT11kIXkefNmnjRatMZIswMtpBmNobKkIa1JY6qpFlboSnjUIhVqR1b6WjveWNoq1NyR2ofQ1P1phUXHqeIi/LQeSy6sFa/ptpWqTPMSG5fuiHYKPTrPnS2Otmm3jas8FpEUBbsnjxncdRBYBQ9UUnm0cAVDspyqXOR9srxLlhRkLRbeoGPrq4NtYDEonIHvmKLCYe1a6TFha36wDdwp2grV+9HspSWj0QQset42H8DHnJ9WxtaweLyHzjbnCfhvNxAPLymaJptdZnArpGotsvlLE/JgCRjilPSvQBX4Gh3CXqgWXcYAAnfSUy179pFptRuzqOKplkUN0mXwF6aTowFvwT/o+BdyNoHLMP8M3zSCv6XOi05kGBdR649ZAK8Bbq9//Z7fnNsBMJpCrOLr3dZHgicv1Jid19seheUlPZvTl/PZiwErTHKaJwh8uF4ue4HTDuuSU9k9wwSUdPFOtqjoOfv6yTAWmIaQ1Xy5Yu+Lf5VY====</Value>
				</Measurement>
			</Results>
		</Test>
		<EndDateTime>Feb 04 16:53 EET</EndDateTime>
		<EndTestTime>1643986404</EndTestTime>
		<ElapsedMinutes>0</ElapsedMinutes>
	</Testing>
</Site>
