Start testing: Feb 04 16:53 EET
----------------------------------------------------------
1/1 Testing: squares_of_a_sorted_array.correctnes
1/1 Test: squares_of_a_sorted_array.correctnes
Command: "/home/moharamfatema/algorithms-problem-solving/squares-of-a-sorted-array/build/runTests" "--gtest_filter=squares_of_a_sorted_array.correctnes" "--gtest_also_run_disabled_tests"
Directory: /home/moharamfatema/algorithms-problem-solving/squares-of-a-sorted-array/build
"squares_of_a_sorted_array.correctnes" start time: Feb 04 16:53 EET
Output:
----------------------------------------------------------
Running main() from /home/moharamfatema/algorithms-problem-solving/squares-of-a-sorted-array/build/_deps/googletest-src/googletest/src/gtest_main.cc
Note: Google Test filter = squares_of_a_sorted_array.correctnes
[==========] Running 1 test from 1 test suite.
[----------] Global test environment set-up.
[----------] 1 test from squares_of_a_sorted_array
[ RUN      ] squares_of_a_sorted_array.correctnes
/home/moharamfatema/algorithms-problem-solving/squares-of-a-sorted-array/Test.cpp:19: Failure
Expected equality of these values:
  sol.sortedSquares(nums)
    Which is: { 0, 0, 0, 0, 0 }
  correct
    Which is: { 0, 1, 9, 16, 100 }
/home/moharamfatema/algorithms-problem-solving/squares-of-a-sorted-array/Test.cpp:19: Failure
Expected equality of these values:
  sol.sortedSquares(nums)
    Which is: { 0, 0, 0, 0, 0 }
  correct
    Which is: { 4, 9, 9, 49, 121 }
[  FAILED  ] squares_of_a_sorted_array.correctnes (0 ms)
[----------] 1 test from squares_of_a_sorted_array (0 ms total)

[----------] Global test environment tear-down
[==========] 1 test from 1 test suite ran. (0 ms total)
[  PASSED  ] 0 tests.
[  FAILED  ] 1 test, listed below:
[  FAILED  ] squares_of_a_sorted_array.correctnes

 1 FAILED TEST
<end of output>
Test time =   0.00 sec
----------------------------------------------------------
Test Failed.
"squares_of_a_sorted_array.correctnes" end time: Feb 04 16:53 EET
"squares_of_a_sorted_array.correctnes" time elapsed: 00:00:00
----------------------------------------------------------

End testing: Feb 04 16:53 EET
