Start testing: Feb 04 15:20 EET
----------------------------------------------------------
2/2 Testing: first_bad_version.correctness
2/2 Test: first_bad_version.correctness
Command: "/home/moharamfatema/algorithms-problem-solving/bin-search/build/runTests" "--gtest_filter=first_bad_version.correctness" "--gtest_also_run_disabled_tests"
Directory: /home/moharamfatema/algorithms-problem-solving/bin-search/build
"first_bad_version.correctness" start time: Feb 04 15:20 EET
Output:
----------------------------------------------------------
Running main() from /home/moharamfatema/algorithms-problem-solving/bin-search/build/_deps/googletest-src/googletest/src/gtest_main.cc
Note: Google Test filter = first_bad_version.correctness
[==========] Running 1 test from 1 test suite.
[----------] Global test environment set-up.
[----------] 1 test from first_bad_version
[ RUN      ] first_bad_version.correctness
/home/moharamfatema/algorithms-problem-solving/bin-search/Test.cpp:26: Failure
Expected equality of these values:
  sol.firstBadVersion(target)
    Which is: -1
  correct
    Which is: 1
[  FAILED  ] first_bad_version.correctness (0 ms)
[----------] 1 test from first_bad_version (0 ms total)

[----------] Global test environment tear-down
[==========] 1 test from 1 test suite ran. (0 ms total)
[  PASSED  ] 0 tests.
[  FAILED  ] 1 test, listed below:
[  FAILED  ] first_bad_version.correctness

 1 FAILED TEST
<end of output>
Test time =   0.00 sec
----------------------------------------------------------
Test Failed.
"first_bad_version.correctness" end time: Feb 04 15:20 EET
"first_bad_version.correctness" time elapsed: 00:00:00
----------------------------------------------------------

1/2 Testing: binary_search.correctnes
1/2 Test: binary_search.correctnes
Command: "/home/moharamfatema/algorithms-problem-solving/bin-search/build/runTests" "--gtest_filter=binary_search.correctnes" "--gtest_also_run_disabled_tests"
Directory: /home/moharamfatema/algorithms-problem-solving/bin-search/build
"binary_search.correctnes" start time: Feb 04 15:20 EET
Output:
----------------------------------------------------------
Running main() from /home/moharamfatema/algorithms-problem-solving/bin-search/build/_deps/googletest-src/googletest/src/gtest_main.cc
Note: Google Test filter = binary_search.correctnes
[==========] Running 1 test from 1 test suite.
[----------] Global test environment set-up.
[----------] 1 test from binary_search
[ RUN      ] binary_search.correctnes
[       OK ] binary_search.correctnes (0 ms)
[----------] 1 test from binary_search (0 ms total)

[----------] Global test environment tear-down
[==========] 1 test from 1 test suite ran. (0 ms total)
[  PASSED  ] 1 test.
<end of output>
Test time =   0.00 sec
----------------------------------------------------------
Test Passed.
"binary_search.correctnes" end time: Feb 04 15:20 EET
"binary_search.correctnes" time elapsed: 00:00:00
----------------------------------------------------------

End testing: Feb 04 15:20 EET
