Start testing: Feb 06 15:45 EET
----------------------------------------------------------
2/2 Testing: move_zeros_2.correctnes
2/2 Test: move_zeros_2.correctnes
Command: "/home/moharamfatema/algorithms-problem-solving/move-zeros/build/runTests" "--gtest_filter=move_zeros_2.correctnes" "--gtest_also_run_disabled_tests"
Directory: /home/moharamfatema/algorithms-problem-solving/move-zeros/build
"move_zeros_2.correctnes" start time: Feb 06 15:45 EET
Output:
----------------------------------------------------------
Running main() from /home/moharamfatema/algorithms-problem-solving/move-zeros/build/_deps/googletest-src/googletest/src/gtest_main.cc
Note: Google Test filter = move_zeros_2.correctnes
[==========] Running 1 test from 1 test suite.
[----------] Global test environment set-up.
[----------] 1 test from move_zeros_2
[ RUN      ] move_zeros_2.correctnes
[       OK ] move_zeros_2.correctnes (0 ms)
[----------] 1 test from move_zeros_2 (0 ms total)

[----------] Global test environment tear-down
[==========] 1 test from 1 test suite ran. (0 ms total)
[  PASSED  ] 1 test.
<end of output>
Test time =   0.00 sec
----------------------------------------------------------
Test Passed.
"move_zeros_2.correctnes" end time: Feb 06 15:45 EET
"move_zeros_2.correctnes" time elapsed: 00:00:00
----------------------------------------------------------

1/2 Testing: move_zeros_1.correctnes
1/2 Test: move_zeros_1.correctnes
Command: "/home/moharamfatema/algorithms-problem-solving/move-zeros/build/runTests" "--gtest_filter=move_zeros_1.correctnes" "--gtest_also_run_disabled_tests"
Directory: /home/moharamfatema/algorithms-problem-solving/move-zeros/build
"move_zeros_1.correctnes" start time: Feb 06 15:45 EET
Output:
----------------------------------------------------------
Running main() from /home/moharamfatema/algorithms-problem-solving/move-zeros/build/_deps/googletest-src/googletest/src/gtest_main.cc
Note: Google Test filter = move_zeros_1.correctnes
[==========] Running 1 test from 1 test suite.
[----------] Global test environment set-up.
[----------] 1 test from move_zeros_1
[ RUN      ] move_zeros_1.correctnes
[       OK ] move_zeros_1.correctnes (0 ms)
[----------] 1 test from move_zeros_1 (0 ms total)

[----------] Global test environment tear-down
[==========] 1 test from 1 test suite ran. (0 ms total)
[  PASSED  ] 1 test.
<end of output>
Test time =   0.01 sec
----------------------------------------------------------
Test Passed.
"move_zeros_1.correctnes" end time: Feb 06 15:45 EET
"move_zeros_1.correctnes" time elapsed: 00:00:00
----------------------------------------------------------

End testing: Feb 06 15:45 EET
